Arguments: 
  I:\Program Files\nodejs\node.exe C:\Users\SEIBELDGANI\AppData\Roaming\npm\node_modules\yarn\bin\yarn.js install

PATH: 
  C:\Program Files\Common Files\Oracle\Java\javapath;C:\Python311\Scripts\;C:\Python311\;C:\Python39\Scripts\;C:\Python39\;C:\Program Files\Common Files\Microsoft Shared\Windows Live;C:\Program Files (x86)\Common Files\Microsoft Shared\Windows Live;c:\Program Files (x86)\Intel\iCLS Client\;c:\Program Files\Intel\iCLS Client\;c:\Program Files (x86)\AMD APP\bin\x86_64;c:\Program Files (x86)\AMD APP\bin\x86;C:\Windows\system32;C:\Windows;C:\Windows\System32\Wbem;C:\Windows\System32\WindowsPowerShell\v1.0\;c:\Program Files (x86)\ATI Technologies\ATI.ACE\Core-Static;C:\Program Files (x86)\Windows Live\Shared;C:\Program Files (x86)\Microsoft SQL Server\100\Tools\Binn\;C:\Program Files\Microsoft SQL Server\100\Tools\Binn\;C:\Program Files\Microsoft SQL Server\100\DTS\Binn\;C:\Users\SEIBELDGANI\AppData\Local\Smartbar\Application\;C:\Program Files\Microsoft SQL Server\110\Tools\Binn\;C:\Program Files (x86)\MySQL\MySQL Utilities 1.3.5\;C:\Program Files\Microsoft SQL Server\110\DTS\Binn\;C:\Program Files (x86)\Microsoft SQL Server\110\Tools\Binn\;C:\Program Files (x86)\Microsoft SQL Server\110\Tools\Binn\ManagementStudio\;C:\Program Files (x86)\Microsoft Visual Studio 10.0\Common7\IDE\PrivateAssemblies\;C:\Program Files (x86)\Microsoft SQL Server\110\DTS\Binn\;C:\Program Files\Microsoft\Web Platform Installer\;C:\Program Files (x86)\Microsoft SDKs\Azure\CLI\wbin;C:\WINDOWS\System32\WindowsPowerShell\v1.0\;C:\WINDOWS\system32;C:\WINDOWS;C:\WINDOWS\System32\Wbem;C:\WINDOWS\System32\WindowsPowerShell\v1.0\;C:\Program Files (x86)\ATI Technologies\ATI.ACE\Core-Static;C:\Program Files (x86)\Microsoft ASP.NET\ASP.NET Web Pages\v1.0\;C:\Program Files (x86)\Microsoft SDKs\TypeScript\1.0\;C:\Program Files\Microsoft SQL Server\120\Tools\Binn\;C:\Program Files\Microsoft SQL Server\130\Tools\Binn\;C:\Program Files\Intel\Intel(R) Management Engine Components\DAL;C:\Program Files\Intel\Intel(R) Management Engine Components\IPT;C:\Program Files (x86)\Intel\Intel(R) Management Engine Components\DAL;C:\Program Files (x86)\Intel\Intel(R) Management Engine Components\IPT;C:\WINDOWS\System32\OpenSSH\;C:\Program Files\dotnet\;C:\Program Files\Microsoft SQL Server\Client SDK\ODBC\170\Tools\Binn\;C:\ProgramData\chocolatey\bin;C:\Program Files (x86)\Microsoft SQL Server\150\Tools\Binn\;C:\Program Files\Microsoft SQL Server\150\Tools\Binn\;C:\Program Files\Microsoft SQL Server\150\DTS\Binn\;C:\Program Files (x86)\Microsoft SQL Server\150\DTS\Binn\;C:\Program Files\Azure Data Studio\bin;C:\Program Files (x86)\dotnet\;I:\Program Files\Amazon\AWSCLIV2\;C:\Program Files\Docker\Docker\resources\bin;I:\Program Files\nodejs\;I:\Program Files\Git\cmd;C:\Users\SEIBELDGANI\AppData\Roaming\npm

Yarn version: 
  1.22.19

Node version: 
  20.8.1

Platform: 
  win32 x64

Trace: 
  Error: https://registry.yarnpkg.com/@angular/common/-/common-17.0.8.tgz: ESOCKETTIMEDOUT
      at ClientRequest.<anonymous> (I:\Users\SEIBELDGANI\AppData\Roaming\npm\node_modules\yarn\lib\cli.js:141517:19)
      at Object.onceWrapper (node:events:628:28)
      at ClientRequest.emit (node:events:514:28)
      at TLSSocket.emitRequestTimeout (node:_http_client:840:9)
      at Object.onceWrapper (node:events:628:28)
      at TLSSocket.emit (node:events:526:35)
      at Socket._onTimeout (node:net:589:8)
      at listOnTimeout (node:internal/timers:573:17)
      at process.processTimers (node:internal/timers:514:7)

npm manifest: 
  {
    "name": "Victims07102023War",
    "version": "0.0.0",
    "scripts": {
      "ng": "ng",
      "start": "concurrently \"npm run python-server\" \"ng serve\"",
      "build": "ng build",
      "watch": "ng build --watch --configuration development",
      "test": "ng test",
      "python-server": "python https://cdn.jsdelivr.net/gh/yanivdg/Victims07102023War@main/Python/scrab.py --mode api"
    },
    "private": true,
    "dependencies": {
      "@angular/animations": "^17.0.0",
      "@angular/common": "^17.0.0",
      "@angular/compiler": "^17.0.0",
      "@angular/core": "^17.0.0",
      "@angular/forms": "^17.0.0",
      "@angular/platform-browser": "^17.0.0",
      "@angular/platform-browser-dynamic": "^17.0.0",
      "@angular/router": "^17.0.0",
      "@angular/ssr": "^17.0.7",
      "@angular/youtube-player": "^17.0.4",
      "angularcli": "^6.0.1",
      "jsdom": "^23.0.1",
      "rxjs": "~7.8.0",
      "tslib": "^2.3.0",
      "zone.js": "~0.14.2"
    },
    "devDependencies": {
      "@angular-devkit/build-angular": "^17.0.5",
      "@angular/cli": "^17.0.8",
      "@angular/compiler-cli": "^17.0.0",
      "@types/jasmine": "~5.1.0",
      "jasmine-core": "~5.1.0",
      "karma": "~6.4.0",
      "karma-chrome-launcher": "~3.2.0",
      "karma-coverage": "~2.2.0",
      "karma-jasmine": "~5.1.0",
      "karma-jasmine-html-reporter": "~2.1.0",
      "typescript": "~5.2.2"
    }
  }

yarn manifest: 
  No manifest

Lockfile: 
  No lockfile
